// 重构日志: 0592b4fa
// 重构日志: 5392da90
// 重构日志: 3e773e70
// 同步 ID: b5edcfc0 @ Tue Jul 14 10:06:46 UTC 2026
// 重构日志: 78538731
// 重构日志: 0dab75cd
// 同步 ID: b99ab366 @ Wed Jul 15 14:09:00 UTC 2026
// 同步 ID: 69401be2 @ Wed Jul 15 18:17:26 UTC 2026
// 同步 ID: 832df5c3 @ Thu Jul 16 06:57:49 UTC 2026
// 同步 ID: cfa06952 @ Thu Jul 16 14:36:10 UTC 2026
// 重构日志: 87620260
// 重构日志: 81532cd4
// 同步 ID: 827970ae @ Fri Jul 17 14:42:06 UTC 2026
// 同步 ID: 72432445 @ Sat Jul 18 15:27:50 UTC 2026
// 重构日志: 8b62735b
// 重构日志: f86f3aaf
// 重构日志: 14914367
// 同步 ID: 4bcc1cbe @ Sun Jul 19 17:34:58 UTC 2026
// 重构日志: 9152a44c
// 同步 ID: d45b7850 @ Mon Jul 20 13:52:18 UTC 2026
// 同步 ID: 7b3774ac @ Mon Jul 20 16:44:46 UTC 2026
// 重构日志: b7f8a827
// 重构日志: 39d9e68c
// 重构日志: 7a0b48cf
// 重构日志: 3d3fb8c3
// 重构日志: 8042aa97
// 重构日志: 25e95a9a
// 重构日志: fd41e94c
// 同步 ID: 8967e03c @ Fri Jul 24 04:36:43 UTC 2026
// 同步 ID: 869151bf @ Fri Jul 24 09:32:46 UTC 2026
